TN:
SF:src/Zvezdochki.js
FN:2,_default
FN:29,init
FN:40,submit
FN:53,blockVotes
FN:59,unblockVotes
FN:68,isVoted
FN:79,addVoteToStorage
FN:85,setInitialRating
FN:90,setActiveStar
FN:97,handleHover
FN:98,(anonymous_20)
FN:99,(anonymous_21)
FN:100,(anonymous_22)
FN:105,(anonymous_23)
FN:111,addClickHandler
FN:112,(anonymous_25)
FNF:16
FNH:16
FNDA:8,_default
FNDA:8,init
FNDA:4,submit
FNDA:6,blockVotes
FNDA:2,unblockVotes
FNDA:8,isVoted
FNDA:2,addVoteToStorage
FNDA:10,setInitialRating
FNDA:10,setActiveStar
FNDA:7,handleHover
FNDA:35,(anonymous_20)
FNDA:1,(anonymous_21)
FNDA:5,(anonymous_22)
FNDA:2,(anonymous_23)
FNDA:7,addClickHandler
FNDA:4,(anonymous_25)
DA:2,8
DA:3,8
DA:5,8
DA:15,8
DA:16,6
DA:19,8
DA:20,3
DA:21,3
DA:24,8
DA:26,8
DA:30,8
DA:32,8
DA:33,5
DA:34,5
DA:36,3
DA:41,4
DA:45,4
DA:46,1
DA:49,4
DA:50,4
DA:54,6
DA:55,6
DA:56,6
DA:60,2
DA:61,2
DA:63,2
DA:64,2
DA:65,2
DA:69,8
DA:70,2
DA:73,6
DA:74,3
DA:75,3
DA:80,2
DA:81,2
DA:82,2
DA:86,10
DA:87,10
DA:91,10
DA:92,10
DA:93,10
DA:97,7
DA:98,7
DA:99,35
DA:100,1
DA:101,5
DA:105,35
DA:106,2
DA:111,7
DA:112,7
DA:113,4
DA:116,4
DA:117,4
DA:119,0
DA:122,4
DA:123,0
DA:126,4
DA:127,3
DA:128,3
DA:129,3
DA:131,3
DA:133,3
LF:62
LH:60
BRDA:15,0,0,6
BRDA:15,0,1,2
BRDA:15,1,0,8
BRDA:15,1,1,8
BRDA:19,2,0,3
BRDA:19,2,1,5
BRDA:21,3,0,3
BRDA:21,3,1,2
BRDA:32,4,0,5
BRDA:32,4,1,3
BRDA:45,5,0,1
BRDA:45,5,1,3
BRDA:69,6,0,2
BRDA:69,6,1,6
BRDA:73,7,0,3
BRDA:73,7,1,3
BRDA:73,8,0,6
BRDA:73,8,1,3
BRDA:74,9,0,3
BRDA:74,9,1,1
BRDA:80,10,0,2
BRDA:80,10,1,0
BRDA:91,11,0,10
BRDA:91,11,1,0
BRDA:91,12,0,10
BRDA:91,12,1,10
BRDA:116,13,0,4
BRDA:116,13,1,0
BRDA:122,14,0,0
BRDA:122,14,1,4
BRDA:126,15,0,3
BRDA:126,15,1,1
BRDA:126,16,0,4
BRDA:126,16,1,4
BRF:34
BRH:30
end_of_record
