TN:
SF:/Users/Linara/Documents/work/star-rating/dist/Zvezdochki.3283b0c3.js
FN:1,(anonymous_1)
FN:1,f
FN:1,(anonymous_3)
FN:1,p
FN:1,(anonymous_5)
FN:1,(anonymous_6)
FN:1,(anonymous_7)
FN:1,(anonymous_8)
FN:1,(anonymous_9)
FN:3,(anonymous_10)
FN:4,t
FN:4,a
FN:4,e
FN:4,(anonymous_14)
FN:4,a
FN:4,(anonymous_16)
FN:4,(anonymous_17)
FN:4,(anonymous_18)
FN:4,(anonymous_19)
FN:4,(anonymous_20)
FN:4,(anonymous_21)
FN:4,(anonymous_22)
FN:4,(anonymous_23)
FN:4,(anonymous_24)
FN:4,(anonymous_25)
FN:4,(anonymous_26)
FN:4,(anonymous_27)
FNF:27
FNH:21
FNDA:1,(anonymous_1)
FNDA:3,f
FNDA:1,(anonymous_3)
FNDA:1,p
FNDA:2,(anonymous_5)
FNDA:0,(anonymous_6)
FNDA:0,(anonymous_7)
FNDA:0,(anonymous_8)
FNDA:1,(anonymous_9)
FNDA:1,(anonymous_10)
FNDA:3,t
FNDA:1,a
FNDA:1,e
FNDA:1,(anonymous_14)
FNDA:3,a
FNDA:3,(anonymous_16)
FNDA:1,(anonymous_17)
FNDA:2,(anonymous_18)
FNDA:3,(anonymous_19)
FNDA:3,(anonymous_20)
FNDA:1,(anonymous_21)
FNDA:5,(anonymous_22)
FNDA:0,(anonymous_23)
FNDA:0,(anonymous_24)
FNDA:0,(anonymous_25)
FNDA:1,(anonymous_26)
FNDA:1,(anonymous_27)
DA:1,3
DA:4,7
LF:2
LH:2
BRDA:1,1,0,1
BRDA:1,1,1,0
BRDA:1,2,0,1
BRDA:1,2,1,1
BRDA:1,3,0,2
BRDA:1,3,1,1
BRDA:1,4,0,0
BRDA:1,4,1,2
BRDA:1,5,0,0
BRDA:1,5,1,0
BRDA:1,6,0,0
BRDA:1,6,1,0
BRDA:1,7,0,0
BRDA:1,7,1,0
BRDA:1,8,0,0
BRDA:1,8,1,0
BRDA:1,9,0,0
BRDA:1,9,1,0
BRDA:1,10,0,0
BRDA:1,10,1,0
BRDA:1,11,0,1
BRDA:1,11,1,0
BRDA:1,12,0,0
BRDA:1,12,1,0
BRDA:1,13,0,1
BRDA:1,13,1,0
BRDA:1,14,0,1
BRDA:1,14,1,0
BRDA:1,15,0,1
BRDA:1,15,1,1
BRDA:1,16,0,0
BRDA:1,16,1,0
BRDA:1,17,0,0
BRDA:1,17,1,0
BRDA:1,18,0,0
BRDA:1,18,1,0
BRDA:1,19,0,0
BRDA:1,19,1,1
BRDA:4,20,0,0
BRDA:4,20,1,3
BRDA:4,21,0,7
BRDA:4,21,1,7
BRDA:4,22,0,7
BRDA:4,22,1,7
BRDA:4,23,0,1
BRDA:4,23,1,1
BRDA:4,24,0,1
BRDA:4,24,1,0
BRDA:4,25,0,3
BRDA:4,25,1,3
BRDA:4,25,2,2
BRDA:4,26,0,2
BRDA:4,26,1,1
BRDA:4,27,0,1
BRDA:4,27,1,0
BRDA:4,28,0,1
BRDA:4,28,1,1
BRF:57
BRH:28
end_of_record
